<?xml version="1.0" ?>
<!DOCTYPE coverage SYSTEM "http://cobertura.sourceforge.net/xml/coverage-04.dtd">
<coverage lines-valid="341" lines-covered="313" line-rate="0.9178000000000001" branches-valid="193" branches-covered="162" branch-rate="0.8393" timestamp="1758236989115" complexity="0" version="0.1">
  <sources>
    <source>/home/elise/projects/Виктория А/DevOps3/app/frontend</source>
  </sources>
  <packages>
    <package name="main" line-rate="0.9178000000000001" branch-rate="0.8393">
      <classes>
        <class name="AddBook.js" filename="src/AddBook.js" line-rate="1" branch-rate="1">
          <methods>
            <method name="(anonymous_0)" hits="336" signature="()V">
              <lines>
                <line number="7" hits="336"/>
              </lines>
            </method>
            <method name="(anonymous_1)" hits="319" signature="()V">
              <lines>
                <line number="21" hits="319"/>
              </lines>
            </method>
            <method name="(anonymous_2)" hits="8" signature="()V">
              <lines>
                <line number="26" hits="8"/>
              </lines>
            </method>
            <method name="(anonymous_3)" hits="8" signature="()V">
              <lines>
                <line number="49" hits="8"/>
              </lines>
            </method>
            <method name="(anonymous_4)" hits="1" signature="()V">
              <lines>
                <line number="66" hits="1"/>
              </lines>
            </method>
            <method name="(anonymous_5)" hits="2" signature="()V">
              <lines>
                <line number="70" hits="2"/>
              </lines>
            </method>
            <method name="(anonymous_6)" hits="3" signature="()V">
              <lines>
                <line number="74" hits="3"/>
              </lines>
            </method>
            <method name="(anonymous_7)" hits="1" signature="()V">
              <lines>
                <line number="91" hits="1"/>
              </lines>
            </method>
          </methods>
          <lines>
            <line number="7" hits="3" branch="false"/>
            <line number="8" hits="336" branch="false"/>
            <line number="9" hits="336" branch="false"/>
            <line number="10" hits="336" branch="false"/>
            <line number="21" hits="336" branch="false"/>
            <line number="22" hits="319" branch="false"/>
            <line number="23" hits="319" branch="false"/>
            <line number="26" hits="336" branch="false"/>
            <line number="27" hits="8" branch="true" condition-coverage="100% (2/2)"/>
            <line number="28" hits="1" branch="false"/>
            <line number="29" hits="1" branch="false"/>
            <line number="31" hits="7" branch="true" condition-coverage="100% (2/2)"/>
            <line number="32" hits="1" branch="false"/>
            <line number="33" hits="1" branch="false"/>
            <line number="36" hits="6" branch="true" condition-coverage="100% (5/5)"/>
            <line number="37" hits="2" branch="false"/>
            <line number="38" hits="2" branch="false"/>
            <line number="41" hits="4" branch="true" condition-coverage="100% (2/2)"/>
            <line number="42" hits="1" branch="false"/>
            <line number="43" hits="1" branch="false"/>
            <line number="46" hits="3" branch="false"/>
            <line number="49" hits="336" branch="false"/>
            <line number="50" hits="8" branch="false"/>
            <line number="52" hits="8" branch="true" condition-coverage="100% (2/2)"/>
            <line number="53" hits="5" branch="false"/>
            <line number="56" hits="3" branch="false"/>
            <line number="59" hits="3" branch="false"/>
            <line number="65" hits="3" branch="false"/>
            <line number="67" hits="1" branch="false"/>
            <line number="68" hits="1" branch="false"/>
            <line number="71" hits="2" branch="false"/>
            <line number="72" hits="2" branch="true" condition-coverage="100% (2/2)"/>
            <line number="75" hits="3" branch="false"/>
            <line number="79" hits="336" branch="false"/>
            <line number="91" hits="1" branch="false"/>
          </lines>
        </class>
        <class name="App.js" filename="src/App.js" line-rate="1" branch-rate="1">
          <methods>
            <method name="(anonymous_0)" hits="2" signature="()V">
              <lines>
                <line number="17" hits="2"/>
              </lines>
            </method>
          </methods>
          <lines>
            <line number="17" hits="2" branch="false"/>
            <line number="18" hits="2" branch="false"/>
          </lines>
        </class>
        <class name="BookCard.js" filename="src/BookCard.js" line-rate="1" branch-rate="1">
          <methods>
            <method name="(anonymous_0)" hits="15" signature="()V">
              <lines>
                <line number="4" hits="15"/>
              </lines>
            </method>
            <method name="(anonymous_1)" hits="1" signature="()V">
              <lines>
                <line number="27" hits="1"/>
              </lines>
            </method>
          </methods>
          <lines>
            <line number="4" hits="1" branch="false"/>
            <line number="5" hits="15" branch="false"/>
            <line number="27" hits="1" branch="false"/>
          </lines>
        </class>
        <class name="BookDetails.js" filename="src/BookDetails.js" line-rate="1" branch-rate="0.75">
          <methods>
            <method name="(anonymous_0)" hits="13" signature="()V">
              <lines>
                <line number="7" hits="13"/>
              </lines>
            </method>
            <method name="(anonymous_1)" hits="3" signature="()V">
              <lines>
                <line number="10" hits="3"/>
              </lines>
            </method>
            <method name="(anonymous_2)" hits="1" signature="()V">
              <lines>
                <line number="12" hits="1"/>
              </lines>
            </method>
            <method name="(anonymous_3)" hits="2" signature="()V">
              <lines>
                <line number="17" hits="2"/>
              </lines>
            </method>
            <method name="(anonymous_4)" hits="23" signature="()V">
              <lines>
                <line number="56" hits="23"/>
              </lines>
            </method>
            <method name="(anonymous_5)" hits="8" signature="()V">
              <lines>
                <line number="64" hits="8"/>
              </lines>
            </method>
            <method name="(anonymous_6)" hits="8" signature="()V">
              <lines>
                <line number="68" hits="8"/>
              </lines>
            </method>
            <method name="(anonymous_7)" hits="7" signature="()V">
              <lines>
                <line number="70" hits="7"/>
              </lines>
            </method>
            <method name="(anonymous_8)" hits="1" signature="()V">
              <lines>
                <line number="74" hits="1"/>
              </lines>
            </method>
            <method name="(anonymous_9)" hits="5" signature="()V">
              <lines>
                <line number="82" hits="5"/>
              </lines>
            </method>
            <method name="(anonymous_10)" hits="2" signature="()V">
              <lines>
                <line number="140" hits="2"/>
              </lines>
            </method>
            <method name="(anonymous_11)" hits="1" signature="()V">
              <lines>
                <line number="141" hits="1"/>
              </lines>
            </method>
          </methods>
          <lines>
            <line number="7" hits="3" branch="false"/>
            <line number="8" hits="13" branch="true" condition-coverage="100% (4/4)"/>
            <line number="10" hits="5" branch="false"/>
            <line number="11" hits="3" branch="false"/>
            <line number="13" hits="1" branch="false"/>
            <line number="14" hits="1" branch="false"/>
            <line number="15" hits="1" branch="false"/>
            <line number="18" hits="2" branch="false"/>
            <line number="19" hits="2" branch="true" condition-coverage="100% (2/2)"/>
            <line number="23" hits="5" branch="false"/>
            <line number="56" hits="3" branch="false"/>
            <line number="57" hits="23" branch="false"/>
            <line number="58" hits="23" branch="false"/>
            <line number="59" hits="23" branch="false"/>
            <line number="60" hits="23" branch="false"/>
            <line number="61" hits="23" branch="false"/>
            <line number="62" hits="23" branch="false"/>
            <line number="64" hits="23" branch="false"/>
            <line number="65" hits="8" branch="false"/>
            <line number="68" hits="23" branch="false"/>
            <line number="69" hits="8" branch="false"/>
            <line number="71" hits="7" branch="false"/>
            <line number="72" hits="7" branch="false"/>
            <line number="75" hits="1" branch="false"/>
            <line number="76" hits="1" branch="false"/>
            <line number="77" hits="1" branch="false"/>
            <line number="78" hits="1" branch="false"/>
            <line number="82" hits="23" branch="false"/>
            <line number="83" hits="5" branch="false"/>
            <line number="86" hits="23" branch="true" condition-coverage="100% (2/2)"/>
            <line number="87" hits="8" branch="false"/>
            <line number="90" hits="15" branch="true" condition-coverage="100% (2/2)"/>
            <line number="91" hits="1" branch="false"/>
            <line number="101" hits="14" branch="true" condition-coverage="100% (2/2)"/>
            <line number="102" hits="1" branch="false"/>
            <line number="105" hits="13" branch="false"/>
            <line number="140" hits="2" branch="false"/>
            <line number="141" hits="1" branch="false"/>
          </lines>
        </class>
        <class name="BookForm.js" filename="src/BookForm.js" line-rate="1" branch-rate="0.75">
          <methods>
            <method name="(anonymous_0)" hits="438" signature="()V">
              <lines>
                <line number="3" hits="438"/>
              </lines>
            </method>
          </methods>
          <lines>
            <line number="3" hits="5" branch="false"/>
            <line number="4" hits="438" branch="false"/>
          </lines>
        </class>
        <class name="BookList.js" filename="src/BookList.js" line-rate="0.5384" branch-rate="0.5909">
          <methods>
            <method name="(anonymous_0)" hits="1" signature="()V">
              <lines>
                <line number="7" hits="1"/>
              </lines>
            </method>
            <method name="(anonymous_1)" hits="0" signature="()V">
              <lines>
                <line number="10" hits="0"/>
              </lines>
            </method>
            <method name="(anonymous_2)" hits="0" signature="()V">
              <lines>
                <line number="12" hits="0"/>
              </lines>
            </method>
            <method name="(anonymous_3)" hits="0" signature="()V">
              <lines>
                <line number="17" hits="0"/>
              </lines>
            </method>
            <method name="(anonymous_4)" hits="3" signature="()V">
              <lines>
                <line number="45" hits="3"/>
              </lines>
            </method>
            <method name="(anonymous_5)" hits="2" signature="()V">
              <lines>
                <line number="52" hits="2"/>
              </lines>
            </method>
            <method name="(anonymous_6)" hits="2" signature="()V">
              <lines>
                <line number="56" hits="2"/>
              </lines>
            </method>
            <method name="(anonymous_7)" hits="1" signature="()V">
              <lines>
                <line number="59" hits="1"/>
              </lines>
            </method>
            <method name="(anonymous_8)" hits="0" signature="()V">
              <lines>
                <line number="63" hits="0"/>
              </lines>
            </method>
            <method name="(anonymous_9)" hits="0" signature="()V">
              <lines>
                <line number="71" hits="0"/>
              </lines>
            </method>
            <method name="(anonymous_10)" hits="1" signature="()V">
              <lines>
                <line number="93" hits="1"/>
              </lines>
            </method>
            <method name="(anonymous_11)" hits="0" signature="()V">
              <lines>
                <line number="110" hits="0"/>
              </lines>
            </method>
            <method name="(anonymous_12)" hits="0" signature="()V">
              <lines>
                <line number="122" hits="0"/>
              </lines>
            </method>
            <method name="(anonymous_13)" hits="0" signature="()V">
              <lines>
                <line number="123" hits="0"/>
              </lines>
            </method>
            <method name="(anonymous_14)" hits="0" signature="()V">
              <lines>
                <line number="124" hits="0"/>
              </lines>
            </method>
          </methods>
          <lines>
            <line number="7" hits="2" branch="false"/>
            <line number="8" hits="1" branch="true" condition-coverage="50% (2/4)"/>
            <line number="10" hits="0" branch="false"/>
            <line number="11" hits="0" branch="false"/>
            <line number="13" hits="0" branch="false"/>
            <line number="14" hits="0" branch="false"/>
            <line number="15" hits="0" branch="false"/>
            <line number="18" hits="0" branch="false"/>
            <line number="19" hits="0" branch="true" condition-coverage="0% (0/2)"/>
            <line number="23" hits="0" branch="false"/>
            <line number="45" hits="2" branch="false"/>
            <line number="46" hits="3" branch="false"/>
            <line number="47" hits="3" branch="false"/>
            <line number="48" hits="3" branch="false"/>
            <line number="49" hits="3" branch="false"/>
            <line number="50" hits="3" branch="false"/>
            <line number="52" hits="3" branch="false"/>
            <line number="53" hits="2" branch="false"/>
            <line number="56" hits="3" branch="false"/>
            <line number="57" hits="2" branch="false"/>
            <line number="58" hits="2" branch="false"/>
            <line number="60" hits="1" branch="false"/>
            <line number="61" hits="1" branch="false"/>
            <line number="64" hits="0" branch="false"/>
            <line number="65" hits="0" branch="false"/>
            <line number="66" hits="0" branch="false"/>
            <line number="67" hits="0" branch="false"/>
            <line number="71" hits="3" branch="false"/>
            <line number="72" hits="0" branch="false"/>
            <line number="73" hits="0" branch="false"/>
            <line number="76" hits="3" branch="true" condition-coverage="100% (2/2)"/>
            <line number="77" hits="2" branch="false"/>
            <line number="80" hits="1" branch="true" condition-coverage="50% (1/2)"/>
            <line number="81" hits="0" branch="false"/>
            <line number="84" hits="1" branch="false"/>
            <line number="94" hits="1" branch="false"/>
            <line number="110" hits="0" branch="false"/>
            <line number="122" hits="0" branch="false"/>
            <line number="124" hits="0" branch="false"/>
          </lines>
        </class>
        <class name="BookService.js" filename="src/BookService.js" line-rate="0.5" branch-rate="1">
          <methods>
            <method name="(anonymous_0)" hits="2" signature="()V">
              <lines>
                <line number="6" hits="2"/>
              </lines>
            </method>
            <method name="(anonymous_1)" hits="0" signature="()V">
              <lines>
                <line number="7" hits="0"/>
              </lines>
            </method>
            <method name="(anonymous_2)" hits="0" signature="()V">
              <lines>
                <line number="8" hits="0"/>
              </lines>
            </method>
            <method name="(anonymous_3)" hits="0" signature="()V">
              <lines>
                <line number="9" hits="0"/>
              </lines>
            </method>
            <method name="(anonymous_4)" hits="0" signature="()V">
              <lines>
                <line number="10" hits="0"/>
              </lines>
            </method>
            <method name="(anonymous_5)" hits="1" signature="()V">
              <lines>
                <line number="11" hits="1"/>
              </lines>
            </method>
          </methods>
          <lines>
            <line number="3" hits="9" branch="false"/>
            <line number="5" hits="9" branch="false"/>
            <line number="6" hits="2" branch="false"/>
            <line number="7" hits="0" branch="false"/>
            <line number="8" hits="0" branch="false"/>
            <line number="9" hits="0" branch="false"/>
            <line number="10" hits="0" branch="false"/>
            <line number="11" hits="1" branch="false"/>
          </lines>
        </class>
        <class name="DeleteBookModal.js" filename="src/DeleteBookModal.js" line-rate="1" branch-rate="1">
          <methods>
            <method name="(anonymous_0)" hits="9" signature="()V">
              <lines>
                <line number="5" hits="9"/>
              </lines>
            </method>
            <method name="(anonymous_1)" hits="3" signature="()V">
              <lines>
                <line number="8" hits="3"/>
              </lines>
            </method>
            <method name="(anonymous_2)" hits="1" signature="()V">
              <lines>
                <line number="10" hits="1"/>
              </lines>
            </method>
            <method name="(anonymous_3)" hits="2" signature="()V">
              <lines>
                <line number="15" hits="2"/>
              </lines>
            </method>
            <method name="(anonymous_4)" hits="5" signature="()V">
              <lines>
                <line number="23" hits="5"/>
              </lines>
            </method>
          </methods>
          <lines>
            <line number="5" hits="3" branch="false"/>
            <line number="6" hits="9" branch="true" condition-coverage="100% (4/4)"/>
            <line number="8" hits="7" branch="false"/>
            <line number="9" hits="3" branch="false"/>
            <line number="11" hits="1" branch="false"/>
            <line number="12" hits="1" branch="false"/>
            <line number="13" hits="1" branch="false"/>
            <line number="16" hits="2" branch="false"/>
            <line number="17" hits="2" branch="true" condition-coverage="100% (2/2)"/>
            <line number="21" hits="7" branch="false"/>
            <line number="23" hits="5" branch="false"/>
          </lines>
        </class>
        <class name="EditBook.js" filename="src/EditBook.js" line-rate="0.9848" branch-rate="0.9268000000000001">
          <methods>
            <method name="(anonymous_0)" hits="108" signature="()V">
              <lines>
                <line number="9" hits="108"/>
              </lines>
            </method>
            <method name="(anonymous_1)" hits="15" signature="()V">
              <lines>
                <line number="26" hits="15"/>
              </lines>
            </method>
            <method name="(anonymous_2)" hits="15" signature="()V">
              <lines>
                <line number="31" hits="15"/>
              </lines>
            </method>
            <method name="(anonymous_3)" hits="14" signature="()V">
              <lines>
                <line number="33" hits="14"/>
              </lines>
            </method>
            <method name="(anonymous_4)" hits="1" signature="()V">
              <lines>
                <line number="55" hits="1"/>
              </lines>
            </method>
            <method name="(anonymous_5)" hits="73" signature="()V">
              <lines>
                <line number="63" hits="73"/>
              </lines>
            </method>
            <method name="(anonymous_6)" hits="11" signature="()V">
              <lines>
                <line number="68" hits="11"/>
              </lines>
            </method>
            <method name="(anonymous_7)" hits="11" signature="()V">
              <lines>
                <line number="100" hits="11"/>
              </lines>
            </method>
            <method name="(anonymous_8)" hits="1" signature="()V">
              <lines>
                <line number="113" hits="1"/>
              </lines>
            </method>
            <method name="(anonymous_9)" hits="2" signature="()V">
              <lines>
                <line number="117" hits="2"/>
              </lines>
            </method>
            <method name="(anonymous_10)" hits="3" signature="()V">
              <lines>
                <line number="121" hits="3"/>
              </lines>
            </method>
            <method name="(anonymous_11)" hits="3" signature="()V">
              <lines>
                <line number="123" hits="3"/>
              </lines>
            </method>
            <method name="(anonymous_12)" hits="1" signature="()V">
              <lines>
                <line number="143" hits="1"/>
              </lines>
            </method>
          </methods>
          <lines>
            <line number="9" hits="3" branch="false"/>
            <line number="10" hits="108" branch="false"/>
            <line number="11" hits="108" branch="false"/>
            <line number="12" hits="108" branch="false"/>
            <line number="13" hits="108" branch="false"/>
            <line number="14" hits="108" branch="false"/>
            <line number="15" hits="108" branch="false"/>
            <line number="26" hits="108" branch="false"/>
            <line number="27" hits="15" branch="false"/>
            <line number="31" hits="108" branch="false"/>
            <line number="32" hits="15" branch="false"/>
            <line number="34" hits="14" branch="true" condition-coverage="50% (1/2)"/>
            <line number="37" hits="14" branch="true" condition-coverage="50% (1/2)"/>
            <line number="38" hits="14" branch="false"/>
            <line number="39" hits="14" branch="true" condition-coverage="100% (2/2)"/>
            <line number="43" hits="0" branch="false"/>
            <line number="47" hits="14" branch="false"/>
            <line number="48" hits="14" branch="false"/>
            <line number="49" hits="14" branch="true" condition-coverage="75% (3/4)"/>
            <line number="50" hits="14" branch="true" condition-coverage="100% (4/4)"/>
            <line number="52" hits="14" branch="false"/>
            <line number="53" hits="14" branch="false"/>
            <line number="56" hits="1" branch="false"/>
            <line number="57" hits="1" branch="false"/>
            <line number="58" hits="1" branch="false"/>
            <line number="59" hits="1" branch="false"/>
            <line number="63" hits="108" branch="false"/>
            <line number="64" hits="73" branch="false"/>
            <line number="65" hits="73" branch="false"/>
            <line number="68" hits="108" branch="false"/>
            <line number="69" hits="11" branch="true" condition-coverage="100% (2/2)"/>
            <line number="70" hits="1" branch="false"/>
            <line number="71" hits="1" branch="false"/>
            <line number="73" hits="10" branch="true" condition-coverage="100% (2/2)"/>
            <line number="74" hits="1" branch="false"/>
            <line number="75" hits="1" branch="false"/>
            <line number="77" hits="9" branch="true" condition-coverage="100% (5/5)"/>
            <line number="78" hits="1" branch="false"/>
            <line number="79" hits="1" branch="false"/>
            <line number="82" hits="8" branch="false"/>
            <line number="83" hits="8" branch="false"/>
            <line number="85" hits="8" branch="true" condition-coverage="100% (4/4)"/>
            <line number="86" hits="3" branch="false"/>
            <line number="87" hits="3" branch="false"/>
            <line number="89" hits="5" branch="true" condition-coverage="100% (4/4)"/>
            <line number="90" hits="1" branch="false"/>
            <line number="91" hits="1" branch="false"/>
            <line number="93" hits="4" branch="true" condition-coverage="100% (2/2)"/>
            <line number="94" hits="1" branch="false"/>
            <line number="95" hits="1" branch="false"/>
            <line number="97" hits="3" branch="false"/>
            <line number="100" hits="108" branch="false"/>
            <line number="101" hits="11" branch="false"/>
            <line number="102" hits="11" branch="true" condition-coverage="100% (2/2)"/>
            <line number="104" hits="3" branch="false"/>
            <line number="106" hits="3" branch="false"/>
            <line number="112" hits="3" branch="false"/>
            <line number="114" hits="1" branch="false"/>
            <line number="115" hits="1" branch="false"/>
            <line number="118" hits="2" branch="false"/>
            <line number="119" hits="2" branch="true" condition-coverage="100% (2/2)"/>
            <line number="123" hits="3" branch="false"/>
            <line number="127" hits="108" branch="true" condition-coverage="100% (2/2)"/>
            <line number="128" hits="93" branch="true" condition-coverage="100% (2/2)"/>
            <line number="130" hits="92" branch="false"/>
            <line number="143" hits="1" branch="false"/>
          </lines>
        </class>
        <class name="Error.js" filename="src/Error.js" line-rate="1" branch-rate="1">
          <methods>
            <method name="(anonymous_0)" hits="4" signature="()V">
              <lines>
                <line number="4" hits="4"/>
              </lines>
            </method>
          </methods>
          <lines>
            <line number="4" hits="4" branch="true" condition-coverage="100% (2/2)"/>
            <line number="5" hits="4" branch="false"/>
          </lines>
        </class>
        <class name="Footer.js" filename="src/Footer.js" line-rate="1" branch-rate="1">
          <methods>
            <method name="(anonymous_0)" hits="3" signature="()V">
              <lines>
                <line number="3" hits="3"/>
              </lines>
            </method>
          </methods>
          <lines>
            <line number="3" hits="2" branch="false"/>
            <line number="4" hits="3" branch="false"/>
          </lines>
        </class>
        <class name="Header.js" filename="src/Header.js" line-rate="0.8332999999999999" branch-rate="0.9375">
          <methods>
            <method name="(anonymous_0)" hits="14" signature="()V">
              <lines>
                <line number="5" hits="14"/>
              </lines>
            </method>
            <method name="(anonymous_1)" hits="4" signature="()V">
              <lines>
                <line number="8" hits="4"/>
              </lines>
            </method>
            <method name="(anonymous_2)" hits="4" signature="()V">
              <lines>
                <line number="8" hits="4"/>
              </lines>
            </method>
            <method name="(anonymous_3)" hits="14" signature="()V">
              <lines>
                <line number="30" hits="14"/>
              </lines>
            </method>
            <method name="(anonymous_4)" hits="1" signature="()V">
              <lines>
                <line number="31" hits="1"/>
              </lines>
            </method>
            <method name="(anonymous_5)" hits="14" signature="()V">
              <lines>
                <line number="38" hits="14"/>
              </lines>
            </method>
            <method name="(anonymous_6)" hits="0" signature="()V">
              <lines>
                <line number="39" hits="0"/>
              </lines>
            </method>
            <method name="(anonymous_7)" hits="14" signature="()V">
              <lines>
                <line number="45" hits="14"/>
              </lines>
            </method>
            <method name="(anonymous_8)" hits="1" signature="()V">
              <lines>
                <line number="46" hits="1"/>
              </lines>
            </method>
            <method name="(anonymous_9)" hits="14" signature="()V">
              <lines>
                <line number="52" hits="14"/>
              </lines>
            </method>
            <method name="(anonymous_10)" hits="0" signature="()V">
              <lines>
                <line number="53" hits="0"/>
              </lines>
            </method>
          </methods>
          <lines>
            <line number="5" hits="2" branch="false"/>
            <line number="6" hits="14" branch="false"/>
            <line number="8" hits="14" branch="false"/>
            <line number="10" hits="14" branch="false"/>
            <line number="30" hits="14" branch="true" condition-coverage="100% (2/2)"/>
            <line number="31" hits="1" branch="false"/>
            <line number="38" hits="14" branch="true" condition-coverage="100% (2/2)"/>
            <line number="39" hits="0" branch="false"/>
            <line number="45" hits="14" branch="true" condition-coverage="100% (2/2)"/>
            <line number="46" hits="1" branch="false"/>
            <line number="52" hits="14" branch="true" condition-coverage="50% (1/2)"/>
            <line number="53" hits="0" branch="false"/>
          </lines>
        </class>
        <class name="Loading.js" filename="src/Loading.js" line-rate="1" branch-rate="0">
          <methods>
            <method name="(anonymous_0)" hits="15" signature="()V">
              <lines>
                <line number="3" hits="15"/>
              </lines>
            </method>
          </methods>
          <lines>
            <line number="3" hits="3" branch="true" condition-coverage="0% (0/1)"/>
            <line number="4" hits="15" branch="false"/>
          </lines>
        </class>
        <class name="MockDataService.js" filename="src/MockDataService.js" line-rate="0.983" branch-rate="0.7306999999999999">
          <methods>
            <method name="(anonymous_0)" hits="1" signature="()V">
              <lines>
                <line number="4" hits="1"/>
              </lines>
            </method>
            <method name="(anonymous_1)" hits="15" signature="()V">
              <lines>
                <line number="88" hits="15"/>
              </lines>
            </method>
            <method name="(anonymous_2)" hits="15" signature="()V">
              <lines>
                <line number="95" hits="15"/>
              </lines>
            </method>
            <method name="(anonymous_3)" hits="15" signature="()V">
              <lines>
                <line number="97" hits="15"/>
              </lines>
            </method>
            <method name="(anonymous_4)" hits="15" signature="()V">
              <lines>
                <line number="98" hits="15"/>
              </lines>
            </method>
            <method name="(anonymous_5)" hits="5" signature="()V">
              <lines>
                <line number="106" hits="5"/>
              </lines>
            </method>
            <method name="(anonymous_6)" hits="5" signature="()V">
              <lines>
                <line number="107" hits="5"/>
              </lines>
            </method>
            <method name="(anonymous_7)" hits="5" signature="()V">
              <lines>
                <line number="108" hits="5"/>
              </lines>
            </method>
            <method name="(anonymous_8)" hits="20" signature="()V">
              <lines>
                <line number="110" hits="20"/>
              </lines>
            </method>
            <method name="(anonymous_9)" hits="1" signature="()V">
              <lines>
                <line number="122" hits="1"/>
              </lines>
            </method>
            <method name="(anonymous_10)" hits="1" signature="()V">
              <lines>
                <line number="123" hits="1"/>
              </lines>
            </method>
            <method name="(anonymous_11)" hits="1" signature="()V">
              <lines>
                <line number="124" hits="1"/>
              </lines>
            </method>
            <method name="(anonymous_12)" hits="2" signature="()V">
              <lines>
                <line number="141" hits="2"/>
              </lines>
            </method>
            <method name="(anonymous_13)" hits="2" signature="()V">
              <lines>
                <line number="142" hits="2"/>
              </lines>
            </method>
            <method name="(anonymous_14)" hits="2" signature="()V">
              <lines>
                <line number="143" hits="2"/>
              </lines>
            </method>
            <method name="(anonymous_15)" hits="9" signature="()V">
              <lines>
                <line number="145" hits="9"/>
              </lines>
            </method>
            <method name="(anonymous_16)" hits="1" signature="()V">
              <lines>
                <line number="167" hits="1"/>
              </lines>
            </method>
            <method name="(anonymous_17)" hits="1" signature="()V">
              <lines>
                <line number="168" hits="1"/>
              </lines>
            </method>
            <method name="(anonymous_18)" hits="1" signature="()V">
              <lines>
                <line number="169" hits="1"/>
              </lines>
            </method>
            <method name="(anonymous_19)" hits="4" signature="()V">
              <lines>
                <line number="171" hits="4"/>
              </lines>
            </method>
            <method name="(anonymous_20)" hits="5" signature="()V">
              <lines>
                <line number="186" hits="5"/>
              </lines>
            </method>
            <method name="(anonymous_21)" hits="5" signature="()V">
              <lines>
                <line number="187" hits="5"/>
              </lines>
            </method>
            <method name="(anonymous_22)" hits="5" signature="()V">
              <lines>
                <line number="188" hits="5"/>
              </lines>
            </method>
            <method name="(anonymous_23)" hits="30" signature="()V">
              <lines>
                <line number="192" hits="30"/>
              </lines>
            </method>
          </methods>
          <lines>
            <line number="4" hits="1" branch="false"/>
            <line number="5" hits="1" branch="false"/>
            <line number="9" hits="1" branch="false"/>
            <line number="12" hits="1" branch="false"/>
            <line number="88" hits="1" branch="false"/>
            <line number="89" hits="15" branch="true" condition-coverage="100% (2/2)"/>
            <line number="90" hits="12" branch="false"/>
            <line number="95" hits="1" branch="false"/>
            <line number="96" hits="15" branch="false"/>
            <line number="97" hits="15" branch="false"/>
            <line number="98" hits="15" branch="false"/>
            <line number="99" hits="15" branch="true" condition-coverage="50% (1/2)"/>
            <line number="100" hits="15" branch="false"/>
            <line number="106" hits="1" branch="false"/>
            <line number="107" hits="5" branch="false"/>
            <line number="108" hits="5" branch="false"/>
            <line number="109" hits="5" branch="true" condition-coverage="50% (1/2)"/>
            <line number="110" hits="20" branch="false"/>
            <line number="112" hits="5" branch="true" condition-coverage="100% (2/2)"/>
            <line number="113" hits="3" branch="false"/>
            <line number="115" hits="2" branch="false"/>
            <line number="122" hits="1" branch="false"/>
            <line number="123" hits="1" branch="false"/>
            <line number="124" hits="1" branch="false"/>
            <line number="125" hits="1" branch="true" condition-coverage="50% (1/2)"/>
            <line number="126" hits="1" branch="false"/>
            <line number="132" hits="1" branch="false"/>
            <line number="133" hits="1" branch="false"/>
            <line number="135" hits="1" branch="false"/>
            <line number="141" hits="1" branch="false"/>
            <line number="142" hits="2" branch="false"/>
            <line number="143" hits="2" branch="false"/>
            <line number="144" hits="2" branch="true" condition-coverage="50% (1/2)"/>
            <line number="145" hits="9" branch="false"/>
            <line number="147" hits="2" branch="true" condition-coverage="100% (2/2)"/>
            <line number="148" hits="1" branch="false"/>
            <line number="155" hits="1" branch="false"/>
            <line number="156" hits="1" branch="false"/>
            <line number="158" hits="1" branch="false"/>
            <line number="160" hits="1" branch="false"/>
            <line number="167" hits="1" branch="false"/>
            <line number="168" hits="1" branch="false"/>
            <line number="169" hits="1" branch="false"/>
            <line number="170" hits="1" branch="true" condition-coverage="50% (1/2)"/>
            <line number="171" hits="4" branch="false"/>
            <line number="173" hits="1" branch="true" condition-coverage="50% (1/2)"/>
            <line number="174" hits="1" branch="false"/>
            <line number="175" hits="1" branch="false"/>
            <line number="177" hits="1" branch="false"/>
            <line number="179" hits="0" branch="false"/>
            <line number="186" hits="1" branch="false"/>
            <line number="187" hits="5" branch="false"/>
            <line number="188" hits="5" branch="false"/>
            <line number="189" hits="5" branch="true" condition-coverage="50% (1/2)"/>
            <line number="190" hits="5" branch="false"/>
            <line number="192" hits="5" branch="false"/>
            <line number="193" hits="30" branch="true" condition-coverage="100% (6/6)"/>
            <line number="199" hits="5" branch="false"/>
            <line number="205" hits="1" branch="false"/>
          </lines>
        </class>
        <class name="NotFound.js" filename="src/NotFound.js" line-rate="1" branch-rate="1">
          <methods>
            <method name="(anonymous_0)" hits="2" signature="()V">
              <lines>
                <line number="4" hits="2"/>
              </lines>
            </method>
          </methods>
          <lines>
            <line number="4" hits="2" branch="false"/>
            <line number="5" hits="2" branch="false"/>
          </lines>
        </class>
        <class name="SearchBooks.js" filename="src/SearchBooks.js" line-rate="1" branch-rate="0.8332999999999999">
          <methods>
            <method name="(anonymous_0)" hits="66" signature="()V">
              <lines>
                <line number="7" hits="66"/>
              </lines>
            </method>
            <method name="(anonymous_1)" hits="7" signature="()V">
              <lines>
                <line number="16" hits="7"/>
              </lines>
            </method>
            <method name="(anonymous_2)" hits="5" signature="()V">
              <lines>
                <line number="37" hits="5"/>
              </lines>
            </method>
            <method name="(anonymous_3)" hits="1" signature="()V">
              <lines>
                <line number="40" hits="1"/>
              </lines>
            </method>
            <method name="(anonymous_4)" hits="6" signature="()V">
              <lines>
                <line number="46" hits="6"/>
              </lines>
            </method>
            <method name="(anonymous_5)" hits="5" signature="()V">
              <lines>
                <line number="48" hits="5"/>
              </lines>
            </method>
            <method name="(anonymous_6)" hits="3" signature="()V">
              <lines>
                <line number="55" hits="3"/>
              </lines>
            </method>
            <method name="(anonymous_7)" hits="40" signature="()V">
              <lines>
                <line number="71" hits="40"/>
              </lines>
            </method>
            <method name="(anonymous_8)" hits="26" signature="()V">
              <lines>
                <line number="88" hits="26"/>
              </lines>
            </method>
            <method name="(anonymous_9)" hits="3" signature="()V">
              <lines>
                <line number="101" hits="3"/>
              </lines>
            </method>
            <method name="(anonymous_10)" hits="1" signature="()V">
              <lines>
                <line number="114" hits="1"/>
              </lines>
            </method>
            <method name="(anonymous_11)" hits="1" signature="()V">
              <lines>
                <line number="115" hits="1"/>
              </lines>
            </method>
            <method name="(anonymous_12)" hits="1" signature="()V">
              <lines>
                <line number="116" hits="1"/>
              </lines>
            </method>
            <method name="(anonymous_13)" hits="2" signature="()V">
              <lines>
                <line number="116" hits="2"/>
              </lines>
            </method>
          </methods>
          <lines>
            <line number="7" hits="3" branch="false"/>
            <line number="8" hits="66" branch="false"/>
            <line number="9" hits="66" branch="false"/>
            <line number="10" hits="66" branch="false"/>
            <line number="11" hits="66" branch="false"/>
            <line number="12" hits="66" branch="false"/>
            <line number="13" hits="66" branch="false"/>
            <line number="14" hits="66" branch="false"/>
            <line number="16" hits="66" branch="false"/>
            <line number="17" hits="7" branch="false"/>
            <line number="19" hits="7" branch="true" condition-coverage="100% (2/2)"/>
            <line number="20" hits="1" branch="false"/>
            <line number="21" hits="1" branch="false"/>
            <line number="24" hits="6" branch="false"/>
            <line number="25" hits="6" branch="false"/>
            <line number="26" hits="6" branch="false"/>
            <line number="29" hits="6" branch="true" condition-coverage="100% (2/2)"/>
            <line number="30" hits="4" branch="false"/>
            <line number="36" hits="6" branch="false"/>
            <line number="38" hits="5" branch="true" condition-coverage="50% (1/2)"/>
            <line number="41" hits="1" branch="false"/>
            <line number="42" hits="1" branch="false"/>
            <line number="43" hits="1" branch="false"/>
            <line number="44" hits="1" branch="false"/>
            <line number="48" hits="6" branch="false"/>
            <line number="49" hits="5" branch="false"/>
            <line number="50" hits="5" branch="false"/>
            <line number="55" hits="66" branch="false"/>
            <line number="56" hits="3" branch="false"/>
            <line number="57" hits="3" branch="false"/>
            <line number="60" hits="66" branch="false"/>
            <line number="71" hits="40" branch="false"/>
            <line number="89" hits="26" branch="false"/>
            <line number="101" hits="3" branch="false"/>
            <line number="114" hits="1" branch="false"/>
            <line number="116" hits="2" branch="false"/>
            <line number="118" hits="1" branch="false"/>
          </lines>
        </class>
        <class name="StatusIndicator.js" filename="src/StatusIndicator.js" line-rate="1" branch-rate="1">
          <methods>
            <method name="(anonymous_0)" hits="10" signature="()V">
              <lines>
                <line number="3" hits="10"/>
              </lines>
            </method>
            <method name="(anonymous_1)" hits="5" signature="()V">
              <lines>
                <line number="7" hits="5"/>
              </lines>
            </method>
            <method name="(anonymous_2)" hits="1" signature="()V">
              <lines>
                <line number="10" hits="1"/>
              </lines>
            </method>
            <method name="(anonymous_3)" hits="1" signature="()V">
              <lines>
                <line number="13" hits="1"/>
              </lines>
            </method>
            <method name="(anonymous_4)" hits="2" signature="()V">
              <lines>
                <line number="16" hits="2"/>
              </lines>
            </method>
            <method name="(anonymous_5)" hits="5" signature="()V">
              <lines>
                <line number="24" hits="5"/>
              </lines>
            </method>
          </methods>
          <lines>
            <line number="3" hits="2" branch="false"/>
            <line number="4" hits="10" branch="false"/>
            <line number="5" hits="10" branch="false"/>
            <line number="7" hits="10" branch="false"/>
            <line number="8" hits="5" branch="false"/>
            <line number="10" hits="5" branch="false"/>
            <line number="11" hits="1" branch="false"/>
            <line number="12" hits="1" branch="false"/>
            <line number="13" hits="1" branch="false"/>
            <line number="16" hits="5" branch="false"/>
            <line number="17" hits="2" branch="false"/>
            <line number="18" hits="2" branch="false"/>
            <line number="21" hits="5" branch="false"/>
            <line number="22" hits="5" branch="false"/>
            <line number="24" hits="5" branch="false"/>
            <line number="25" hits="5" branch="false"/>
            <line number="26" hits="5" branch="false"/>
            <line number="30" hits="10" branch="true" condition-coverage="100% (2/2)"/>
            <line number="32" hits="3" branch="false"/>
          </lines>
        </class>
        <class name="index.js" filename="src/index.js" line-rate="0" branch-rate="1">
          <methods>
          </methods>
          <lines>
            <line number="7" hits="0" branch="false"/>
            <line number="8" hits="0" branch="false"/>
          </lines>
        </class>
      </classes>
    </package>
  </packages>
</coverage>
