TN:
SF:src/AddBook.js
FN:7,(anonymous_0)
FN:21,(anonymous_1)
FN:26,(anonymous_2)
FN:49,(anonymous_3)
FN:66,(anonymous_4)
FN:70,(anonymous_5)
FN:74,(anonymous_6)
FN:91,(anonymous_7)
FNF:8
FNH:8
FNDA:336,(anonymous_0)
FNDA:319,(anonymous_1)
FNDA:8,(anonymous_2)
FNDA:8,(anonymous_3)
FNDA:1,(anonymous_4)
FNDA:2,(anonymous_5)
FNDA:3,(anonymous_6)
FNDA:1,(anonymous_7)
DA:7,3
DA:8,336
DA:9,336
DA:10,336
DA:21,336
DA:22,319
DA:23,319
DA:26,336
DA:27,8
DA:28,1
DA:29,1
DA:31,7
DA:32,1
DA:33,1
DA:36,6
DA:37,2
DA:38,2
DA:41,4
DA:42,1
DA:43,1
DA:46,3
DA:49,336
DA:50,8
DA:52,8
DA:53,5
DA:56,3
DA:59,3
DA:65,3
DA:67,1
DA:68,1
DA:71,2
DA:72,2
DA:75,3
DA:79,336
DA:91,1
LF:35
LH:35
BRDA:27,0,0,1
BRDA:27,0,1,7
BRDA:31,1,0,1
BRDA:31,1,1,6
BRDA:36,2,0,2
BRDA:36,2,1,4
BRDA:36,3,0,6
BRDA:36,3,1,5
BRDA:36,3,2,4
BRDA:41,4,0,1
BRDA:41,4,1,3
BRDA:52,5,0,5
BRDA:52,5,1,3
BRDA:72,6,0,2
BRDA:72,6,1,1
BRF:15
BRH:15
end_of_record
TN:
SF:src/App.js
FN:17,(anonymous_0)
FNF:1
FNH:1
FNDA:2,(anonymous_0)
DA:17,2
DA:18,2
LF:2
LH:2
BRF:0
BRH:0
end_of_record
TN:
SF:src/BookCard.js
FN:4,(anonymous_0)
FN:27,(anonymous_1)
FNF:2
FNH:2
FNDA:15,(anonymous_0)
FNDA:1,(anonymous_1)
DA:4,1
DA:5,15
DA:27,1
LF:3
LH:3
BRDA:14,0,0,13
BRDA:14,0,1,2
BRDA:15,1,0,10
BRDA:15,1,1,3
BRDA:19,2,0,15
BRDA:19,2,1,2
BRDA:21,3,0,15
BRDA:21,3,1,3
BRDA:21,4,0,15
BRDA:21,4,1,2
BRF:10
BRH:10
end_of_record
TN:
SF:src/BookDetails.js
FN:7,(anonymous_0)
FN:10,(anonymous_1)
FN:12,(anonymous_2)
FN:17,(anonymous_3)
FN:56,(anonymous_4)
FN:64,(anonymous_5)
FN:68,(anonymous_6)
FN:70,(anonymous_7)
FN:74,(anonymous_8)
FN:82,(anonymous_9)
FN:140,(anonymous_10)
FN:141,(anonymous_11)
FNF:12
FNH:12
FNDA:13,(anonymous_0)
FNDA:3,(anonymous_1)
FNDA:1,(anonymous_2)
FNDA:2,(anonymous_3)
FNDA:23,(anonymous_4)
FNDA:8,(anonymous_5)
FNDA:8,(anonymous_6)
FNDA:7,(anonymous_7)
FNDA:1,(anonymous_8)
FNDA:5,(anonymous_9)
FNDA:2,(anonymous_10)
FNDA:1,(anonymous_11)
DA:7,3
DA:8,13
DA:10,5
DA:11,3
DA:13,1
DA:14,1
DA:15,1
DA:18,2
DA:19,2
DA:23,5
DA:56,3
DA:57,23
DA:58,23
DA:59,23
DA:60,23
DA:61,23
DA:62,23
DA:64,23
DA:65,8
DA:68,23
DA:69,8
DA:71,7
DA:72,7
DA:75,1
DA:76,1
DA:77,1
DA:78,1
DA:82,23
DA:83,5
DA:86,23
DA:87,8
DA:90,15
DA:91,1
DA:101,14
DA:102,1
DA:105,13
DA:140,2
DA:141,1
LF:38
LH:38
BRDA:8,0,0,8
BRDA:8,0,1,5
BRDA:8,1,0,13
BRDA:8,1,1,5
BRDA:19,2,0,2
BRDA:19,2,1,1
BRDA:86,3,0,8
BRDA:86,3,1,15
BRDA:90,4,0,1
BRDA:90,4,1,14
BRDA:101,5,0,1
BRDA:101,5,1,13
BRDA:115,6,0,13
BRDA:115,6,1,0
BRDA:120,7,0,13
BRDA:120,7,1,0
BRDA:121,8,0,13
BRDA:121,8,1,0
BRDA:124,9,0,13
BRDA:124,9,1,0
BRDA:125,10,0,13
BRDA:125,10,1,0
BRDA:125,11,0,13
BRDA:125,11,1,0
BRF:24
BRH:18
end_of_record
TN:
SF:src/BookForm.js
FN:3,(anonymous_0)
FNF:1
FNH:1
FNDA:438,(anonymous_0)
DA:3,5
DA:4,438
LF:2
LH:2
BRDA:113,0,0,7
BRDA:113,0,1,431
BRDA:113,1,0,431
BRDA:113,1,1,0
BRF:4
BRH:3
end_of_record
TN:
SF:src/BookList.js
FN:7,(anonymous_0)
FN:10,(anonymous_1)
FN:12,(anonymous_2)
FN:17,(anonymous_3)
FN:45,(anonymous_4)
FN:52,(anonymous_5)
FN:56,(anonymous_6)
FN:59,(anonymous_7)
FN:63,(anonymous_8)
FN:71,(anonymous_9)
FN:93,(anonymous_10)
FN:110,(anonymous_11)
FN:122,(anonymous_12)
FN:123,(anonymous_13)
FN:124,(anonymous_14)
FNF:15
FNH:6
FNDA:1,(anonymous_0)
FNDA:0,(anonymous_1)
FNDA:0,(anonymous_2)
FNDA:0,(anonymous_3)
FNDA:3,(anonymous_4)
FNDA:2,(anonymous_5)
FNDA:2,(anonymous_6)
FNDA:1,(anonymous_7)
FNDA:0,(anonymous_8)
FNDA:0,(anonymous_9)
FNDA:1,(anonymous_10)
FNDA:0,(anonymous_11)
FNDA:0,(anonymous_12)
FNDA:0,(anonymous_13)
FNDA:0,(anonymous_14)
DA:7,2
DA:8,1
DA:10,0
DA:11,0
DA:13,0
DA:14,0
DA:15,0
DA:18,0
DA:19,0
DA:23,0
DA:45,2
DA:46,3
DA:47,3
DA:48,3
DA:49,3
DA:50,3
DA:52,3
DA:53,2
DA:56,3
DA:57,2
DA:58,2
DA:60,1
DA:61,1
DA:64,0
DA:65,0
DA:66,0
DA:67,0
DA:71,3
DA:72,0
DA:73,0
DA:76,3
DA:77,2
DA:80,1
DA:81,0
DA:84,1
DA:94,1
DA:110,0
DA:122,0
DA:124,0
LF:39
LH:21
BRDA:8,0,0,1
BRDA:8,0,1,0
BRDA:8,1,0,1
BRDA:8,1,1,0
BRDA:19,2,0,0
BRDA:19,2,1,0
BRDA:76,3,0,2
BRDA:76,3,1,1
BRDA:80,4,0,0
BRDA:80,4,1,1
BRDA:90,5,0,0
BRDA:90,5,1,1
BRDA:99,6,0,0
BRDA:99,6,1,1
BRDA:100,7,0,0
BRDA:100,7,1,0
BRDA:104,8,0,1
BRDA:104,8,1,1
BRDA:105,9,0,1
BRDA:105,9,1,1
BRDA:105,10,0,1
BRDA:105,10,1,1
BRF:22
BRH:13
end_of_record
TN:
SF:src/BookService.js
FN:6,(anonymous_0)
FN:7,(anonymous_1)
FN:8,(anonymous_2)
FN:9,(anonymous_3)
FN:10,(anonymous_4)
FN:11,(anonymous_5)
FNF:6
FNH:2
FNDA:2,(anonymous_0)
FNDA:0,(anonymous_1)
FNDA:0,(anonymous_2)
FNDA:0,(anonymous_3)
FNDA:0,(anonymous_4)
FNDA:1,(anonymous_5)
DA:3,9
DA:5,9
DA:6,2
DA:7,0
DA:8,0
DA:9,0
DA:10,0
DA:11,1
LF:8
LH:4
BRF:0
BRH:0
end_of_record
TN:
SF:src/DeleteBookModal.js
FN:5,(anonymous_0)
FN:8,(anonymous_1)
FN:10,(anonymous_2)
FN:15,(anonymous_3)
FN:23,(anonymous_4)
FNF:5
FNH:5
FNDA:9,(anonymous_0)
FNDA:3,(anonymous_1)
FNDA:1,(anonymous_2)
FNDA:2,(anonymous_3)
FNDA:5,(anonymous_4)
DA:5,3
DA:6,9
DA:8,7
DA:9,3
DA:11,1
DA:12,1
DA:13,1
DA:16,2
DA:17,2
DA:21,7
DA:23,5
LF:11
LH:11
BRDA:6,0,0,2
BRDA:6,0,1,7
BRDA:6,1,0,9
BRDA:6,1,1,8
BRDA:17,2,0,2
BRDA:17,2,1,1
BRF:6
BRH:6
end_of_record
TN:
SF:src/EditBook.js
FN:9,(anonymous_0)
FN:26,(anonymous_1)
FN:27,(anonymous_2)
FN:29,(anonymous_3)
FN:49,(anonymous_4)
FN:63,(anonymous_5)
FN:68,(anonymous_6)
FN:100,(anonymous_7)
FN:113,(anonymous_8)
FN:117,(anonymous_9)
FN:121,(anonymous_10)
FN:123,(anonymous_11)
FN:143,(anonymous_12)
FNF:13
FNH:13
FNDA:108,(anonymous_0)
FNDA:15,(anonymous_1)
FNDA:15,(anonymous_2)
FNDA:14,(anonymous_3)
FNDA:1,(anonymous_4)
FNDA:73,(anonymous_5)
FNDA:11,(anonymous_6)
FNDA:11,(anonymous_7)
FNDA:1,(anonymous_8)
FNDA:2,(anonymous_9)
FNDA:3,(anonymous_10)
FNDA:3,(anonymous_11)
FNDA:1,(anonymous_12)
DA:9,3
DA:10,108
DA:11,108
DA:12,108
DA:13,108
DA:14,108
DA:15,108
DA:26,108
DA:27,15
DA:28,15
DA:30,14
DA:32,14
DA:33,14
DA:34,14
DA:38,0
DA:41,14
DA:42,14
DA:43,14
DA:44,14
DA:46,14
DA:47,14
DA:50,1
DA:51,1
DA:52,1
DA:53,1
DA:57,15
DA:63,108
DA:64,73
DA:65,73
DA:68,108
DA:69,11
DA:70,1
DA:71,1
DA:73,10
DA:74,1
DA:75,1
DA:77,9
DA:78,1
DA:79,1
DA:82,8
DA:83,8
DA:85,8
DA:86,3
DA:87,3
DA:89,5
DA:90,1
DA:91,1
DA:93,4
DA:94,1
DA:95,1
DA:97,3
DA:100,108
DA:101,11
DA:102,11
DA:104,3
DA:106,3
DA:112,3
DA:114,1
DA:115,1
DA:118,2
DA:119,2
DA:123,3
DA:127,108
DA:128,93
DA:130,92
DA:143,1
LF:66
LH:65
BRDA:30,0,0,14
BRDA:30,0,1,0
BRDA:32,1,0,14
BRDA:32,1,1,0
BRDA:34,2,0,1
BRDA:34,2,1,13
BRDA:43,3,0,14
BRDA:43,3,1,0
BRDA:43,4,0,14
BRDA:43,4,1,14
BRDA:44,5,0,13
BRDA:44,5,1,1
BRDA:44,6,0,14
BRDA:44,6,1,14
BRDA:69,7,0,1
BRDA:69,7,1,10
BRDA:73,8,0,1
BRDA:73,8,1,9
BRDA:77,9,0,1
BRDA:77,9,1,8
BRDA:77,10,0,9
BRDA:77,10,1,9
BRDA:77,10,2,8
BRDA:85,11,0,3
BRDA:85,11,1,5
BRDA:85,12,0,8
BRDA:85,12,1,7
BRDA:89,13,0,1
BRDA:89,13,1,4
BRDA:89,14,0,5
BRDA:89,14,1,5
BRDA:93,15,0,1
BRDA:93,15,1,3
BRDA:102,16,0,8
BRDA:102,16,1,3
BRDA:119,17,0,2
BRDA:119,17,1,1
BRDA:127,18,0,15
BRDA:127,18,1,93
BRDA:128,19,0,1
BRDA:128,19,1,92
BRF:41
BRH:38
end_of_record
TN:
SF:src/Error.js
FN:4,(anonymous_0)
FNF:1
FNH:1
FNDA:4,(anonymous_0)
DA:4,4
DA:5,4
LF:2
LH:2
BRDA:4,0,0,3
BRDA:4,1,0,3
BRF:2
BRH:2
end_of_record
TN:
SF:src/Footer.js
FN:3,(anonymous_0)
FNF:1
FNH:1
FNDA:3,(anonymous_0)
DA:3,2
DA:4,3
LF:2
LH:2
BRF:0
BRH:0
end_of_record
TN:
SF:src/Header.js
FN:5,(anonymous_0)
FN:8,(anonymous_1)
FN:8,(anonymous_2)
FN:30,(anonymous_3)
FN:31,(anonymous_4)
FN:38,(anonymous_5)
FN:39,(anonymous_6)
FN:45,(anonymous_7)
FN:46,(anonymous_8)
FN:52,(anonymous_9)
FN:53,(anonymous_10)
FNF:11
FNH:9
FNDA:14,(anonymous_0)
FNDA:4,(anonymous_1)
FNDA:4,(anonymous_2)
FNDA:14,(anonymous_3)
FNDA:1,(anonymous_4)
FNDA:14,(anonymous_5)
FNDA:0,(anonymous_6)
FNDA:14,(anonymous_7)
FNDA:1,(anonymous_8)
FNDA:14,(anonymous_9)
FNDA:0,(anonymous_10)
DA:5,2
DA:6,14
DA:8,14
DA:10,14
DA:30,14
DA:31,1
DA:38,14
DA:39,0
DA:45,14
DA:46,1
DA:52,14
DA:53,0
LF:12
LH:10
BRDA:21,0,0,3
BRDA:21,0,1,11
BRDA:22,1,0,3
BRDA:22,1,1,11
BRDA:23,2,0,3
BRDA:23,2,1,11
BRDA:26,3,0,3
BRDA:26,3,1,11
BRDA:30,4,0,11
BRDA:30,4,1,3
BRDA:38,5,0,1
BRDA:38,5,1,13
BRDA:45,6,0,2
BRDA:45,6,1,12
BRDA:52,7,0,0
BRDA:52,7,1,14
BRF:16
BRH:15
end_of_record
TN:
SF:src/Loading.js
FN:3,(anonymous_0)
FNF:1
FNH:1
FNDA:15,(anonymous_0)
DA:3,3
DA:4,15
LF:2
LH:2
BRDA:3,0,0,0
BRF:1
BRH:0
end_of_record
TN:
SF:src/MockDataService.js
FN:4,(anonymous_0)
FN:88,(anonymous_1)
FN:95,(anonymous_2)
FN:97,(anonymous_3)
FN:98,(anonymous_4)
FN:106,(anonymous_5)
FN:107,(anonymous_6)
FN:108,(anonymous_7)
FN:110,(anonymous_8)
FN:122,(anonymous_9)
FN:123,(anonymous_10)
FN:124,(anonymous_11)
FN:141,(anonymous_12)
FN:142,(anonymous_13)
FN:143,(anonymous_14)
FN:145,(anonymous_15)
FN:167,(anonymous_16)
FN:168,(anonymous_17)
FN:169,(anonymous_18)
FN:171,(anonymous_19)
FN:186,(anonymous_20)
FN:187,(anonymous_21)
FN:188,(anonymous_22)
FN:192,(anonymous_23)
FNF:24
FNH:24
FNDA:1,(anonymous_0)
FNDA:15,(anonymous_1)
FNDA:15,(anonymous_2)
FNDA:15,(anonymous_3)
FNDA:15,(anonymous_4)
FNDA:5,(anonymous_5)
FNDA:5,(anonymous_6)
FNDA:5,(anonymous_7)
FNDA:20,(anonymous_8)
FNDA:1,(anonymous_9)
FNDA:1,(anonymous_10)
FNDA:1,(anonymous_11)
FNDA:2,(anonymous_12)
FNDA:2,(anonymous_13)
FNDA:2,(anonymous_14)
FNDA:9,(anonymous_15)
FNDA:1,(anonymous_16)
FNDA:1,(anonymous_17)
FNDA:1,(anonymous_18)
FNDA:4,(anonymous_19)
FNDA:5,(anonymous_20)
FNDA:5,(anonymous_21)
FNDA:5,(anonymous_22)
FNDA:30,(anonymous_23)
DA:4,1
DA:5,1
DA:9,1
DA:12,1
DA:88,1
DA:89,15
DA:90,12
DA:95,1
DA:96,15
DA:97,15
DA:98,15
DA:99,15
DA:100,15
DA:106,1
DA:107,5
DA:108,5
DA:109,5
DA:110,20
DA:112,5
DA:113,3
DA:115,2
DA:122,1
DA:123,1
DA:124,1
DA:125,1
DA:126,1
DA:132,1
DA:133,1
DA:135,1
DA:141,1
DA:142,2
DA:143,2
DA:144,2
DA:145,9
DA:147,2
DA:148,1
DA:155,1
DA:156,1
DA:158,1
DA:160,1
DA:167,1
DA:168,1
DA:169,1
DA:170,1
DA:171,4
DA:173,1
DA:174,1
DA:175,1
DA:177,1
DA:179,0
DA:186,1
DA:187,5
DA:188,5
DA:189,5
DA:190,5
DA:192,5
DA:193,30
DA:199,5
DA:205,1
LF:59
LH:58
BRDA:89,0,0,12
BRDA:89,0,1,3
BRDA:99,1,0,15
BRDA:99,1,1,0
BRDA:109,2,0,5
BRDA:109,2,1,0
BRDA:112,3,0,3
BRDA:112,3,1,2
BRDA:125,4,0,1
BRDA:125,4,1,0
BRDA:144,5,0,2
BRDA:144,5,1,0
BRDA:147,6,0,1
BRDA:147,6,1,1
BRDA:170,7,0,1
BRDA:170,7,1,0
BRDA:173,8,0,1
BRDA:173,8,1,0
BRDA:189,9,0,5
BRDA:189,9,1,0
BRDA:193,10,0,30
BRDA:193,10,1,29
BRDA:193,10,2,28
BRDA:193,10,3,28
BRDA:193,10,4,27
BRDA:193,10,5,27
BRF:26
BRH:19
end_of_record
TN:
SF:src/NotFound.js
FN:4,(anonymous_0)
FNF:1
FNH:1
FNDA:2,(anonymous_0)
DA:4,2
DA:5,2
LF:2
LH:2
BRF:0
BRH:0
end_of_record
TN:
SF:src/SearchBooks.js
FN:7,(anonymous_0)
FN:16,(anonymous_1)
FN:37,(anonymous_2)
FN:40,(anonymous_3)
FN:46,(anonymous_4)
FN:48,(anonymous_5)
FN:55,(anonymous_6)
FN:71,(anonymous_7)
FN:88,(anonymous_8)
FN:101,(anonymous_9)
FN:114,(anonymous_10)
FN:115,(anonymous_11)
FN:116,(anonymous_12)
FN:116,(anonymous_13)
FNF:14
FNH:14
FNDA:67,(anonymous_0)
FNDA:7,(anonymous_1)
FNDA:5,(anonymous_2)
FNDA:1,(anonymous_3)
FNDA:6,(anonymous_4)
FNDA:6,(anonymous_5)
FNDA:3,(anonymous_6)
FNDA:40,(anonymous_7)
FNDA:29,(anonymous_8)
FNDA:3,(anonymous_9)
FNDA:1,(anonymous_10)
FNDA:1,(anonymous_11)
FNDA:1,(anonymous_12)
FNDA:2,(anonymous_13)
DA:7,3
DA:8,67
DA:9,67
DA:10,67
DA:11,67
DA:12,67
DA:13,67
DA:14,67
DA:16,67
DA:17,7
DA:19,7
DA:20,1
DA:21,1
DA:24,6
DA:25,6
DA:26,6
DA:29,6
DA:30,4
DA:36,6
DA:38,5
DA:41,1
DA:42,1
DA:43,1
DA:44,1
DA:48,6
DA:49,6
DA:50,6
DA:55,67
DA:56,3
DA:57,3
DA:60,67
DA:71,40
DA:89,29
DA:101,3
DA:114,1
DA:116,2
DA:118,1
LF:37
LH:37
BRDA:19,0,0,1
BRDA:19,0,1,6
BRDA:29,1,0,4
BRDA:29,1,1,2
BRDA:38,2,0,5
BRDA:38,2,1,0
BRDA:75,3,0,15
BRDA:75,3,1,52
BRDA:79,4,0,67
BRDA:79,4,1,15
BRDA:81,5,0,67
BRDA:81,5,1,18
BRDA:84,6,0,3
BRDA:84,6,1,15
BRDA:94,7,0,29
BRDA:94,7,1,0
BRDA:95,8,0,29
BRDA:95,8,1,0
BRF:18
BRH:15
end_of_record
TN:
SF:src/StatusIndicator.js
FN:3,(anonymous_0)
FN:7,(anonymous_1)
FN:10,(anonymous_2)
FN:13,(anonymous_3)
FN:16,(anonymous_4)
FN:24,(anonymous_5)
FNF:6
FNH:6
FNDA:10,(anonymous_0)
FNDA:5,(anonymous_1)
FNDA:1,(anonymous_2)
FNDA:1,(anonymous_3)
FNDA:2,(anonymous_4)
FNDA:5,(anonymous_5)
DA:3,2
DA:4,10
DA:5,10
DA:7,10
DA:8,5
DA:10,5
DA:11,1
DA:12,1
DA:13,1
DA:16,5
DA:17,2
DA:18,2
DA:21,5
DA:22,5
DA:24,5
DA:25,5
DA:26,5
DA:30,10
DA:32,3
LF:19
LH:19
BRDA:30,0,0,7
BRDA:30,0,1,3
BRDA:36,1,0,1
BRDA:36,1,1,2
BRDA:38,2,0,1
BRDA:38,2,1,2
BRDA:44,3,0,1
BRDA:44,3,1,2
BRF:8
BRH:8
end_of_record
TN:
SF:src/index.js
FNF:0
FNH:0
DA:7,0
DA:8,0
LF:2
LH:0
BRF:0
BRH:0
end_of_record
