TN:
SF:src/AddBook.js
FN:7,(anonymous_0)
FN:21,(anonymous_1)
FN:26,(anonymous_2)
FN:49,(anonymous_3)
FN:66,(anonymous_4)
FN:70,(anonymous_5)
FN:74,(anonymous_6)
FN:91,(anonymous_7)
FNF:8
FNH:8
FNDA:26,(anonymous_0)
FNDA:14,(anonymous_1)
FNDA:6,(anonymous_2)
FNDA:6,(anonymous_3)
FNDA:1,(anonymous_4)
FNDA:1,(anonymous_5)
FNDA:2,(anonymous_6)
FNDA:1,(anonymous_7)
DA:7,1
DA:8,26
DA:9,26
DA:10,26
DA:21,26
DA:22,14
DA:23,14
DA:26,26
DA:27,6
DA:28,1
DA:29,1
DA:31,5
DA:32,1
DA:33,1
DA:36,4
DA:37,1
DA:38,1
DA:41,3
DA:42,1
DA:43,1
DA:46,2
DA:49,26
DA:50,6
DA:52,6
DA:53,4
DA:56,2
DA:59,2
DA:65,2
DA:67,1
DA:68,1
DA:71,1
DA:72,1
DA:75,2
DA:79,26
DA:91,1
LF:35
LH:35
BRDA:27,0,0,1
BRDA:27,0,1,5
BRDA:31,1,0,1
BRDA:31,1,1,4
BRDA:36,2,0,1
BRDA:36,2,1,3
BRDA:36,3,0,4
BRDA:36,3,1,1
BRDA:36,3,2,0
BRDA:41,4,0,1
BRDA:41,4,1,2
BRDA:52,5,0,4
BRDA:52,5,1,2
BRDA:72,6,0,1
BRDA:72,6,1,0
BRF:15
BRH:13
end_of_record
TN:
SF:src/App.js
FN:17,(anonymous_0)
FNF:1
FNH:1
FNDA:8,(anonymous_0)
DA:17,1
DA:18,8
LF:2
LH:2
BRF:0
BRH:0
end_of_record
TN:
SF:src/BookCard.js
FN:4,(anonymous_0)
FN:27,(anonymous_1)
FNF:2
FNH:0
FNDA:0,(anonymous_0)
FNDA:0,(anonymous_1)
DA:4,0
DA:5,0
DA:27,0
LF:3
LH:0
BRDA:14,0,0,0
BRDA:14,0,1,0
BRDA:15,1,0,0
BRDA:15,1,1,0
BRDA:19,2,0,0
BRDA:19,2,1,0
BRDA:21,3,0,0
BRDA:21,3,1,0
BRDA:21,4,0,0
BRDA:21,4,1,0
BRF:10
BRH:0
end_of_record
TN:
SF:src/BookDetails.js
FN:7,(anonymous_0)
FN:10,(anonymous_1)
FN:12,(anonymous_2)
FN:17,(anonymous_3)
FN:28,(anonymous_4)
FN:48,(anonymous_5)
FN:58,(anonymous_6)
FN:62,(anonymous_7)
FN:73,(anonymous_8)
FN:82,(anonymous_9)
FN:87,(anonymous_10)
FN:148,(anonymous_11)
FN:149,(anonymous_12)
FNF:13
FNH:12
FNDA:11,(anonymous_0)
FNDA:1,(anonymous_1)
FNDA:1,(anonymous_2)
FNDA:0,(anonymous_3)
FNDA:1,(anonymous_4)
FNDA:22,(anonymous_5)
FNDA:9,(anonymous_6)
FNDA:8,(anonymous_7)
FNDA:1,(anonymous_8)
FNDA:9,(anonymous_9)
FNDA:3,(anonymous_10)
FNDA:1,(anonymous_11)
FNDA:1,(anonymous_12)
DA:7,1
DA:8,11
DA:10,3
DA:11,1
DA:13,1
DA:14,1
DA:15,1
DA:18,0
DA:19,0
DA:25,3
DA:28,1
DA:48,1
DA:49,22
DA:50,22
DA:51,22
DA:52,21
DA:53,21
DA:54,21
DA:58,21
DA:59,9
DA:60,9
DA:61,9
DA:64,8
DA:65,8
DA:68,0
DA:69,0
DA:71,8
DA:74,1
DA:75,1
DA:76,1
DA:77,1
DA:78,1
DA:82,21
DA:83,9
DA:87,21
DA:88,3
DA:91,21
DA:92,9
DA:95,12
DA:96,1
DA:107,11
DA:109,0
DA:113,11
DA:148,1
DA:149,1
LF:45
LH:40
BRDA:8,0,0,8
BRDA:8,0,1,3
BRDA:8,1,0,11
BRDA:8,1,1,3
BRDA:19,2,0,0
BRDA:19,2,1,0
BRDA:64,3,0,8
BRDA:64,3,1,0
BRDA:91,4,0,9
BRDA:91,4,1,12
BRDA:95,5,0,1
BRDA:95,5,1,11
BRDA:107,6,0,0
BRDA:107,6,1,11
BRDA:123,7,0,11
BRDA:123,7,1,0
BRDA:128,8,0,11
BRDA:128,8,1,1
BRDA:129,9,0,11
BRDA:129,9,1,1
BRDA:132,10,0,10
BRDA:132,10,1,1
BRDA:133,11,0,11
BRDA:133,11,1,0
BRDA:133,12,0,11
BRDA:133,12,1,0
BRF:26
BRH:19
end_of_record
TN:
SF:src/BookForm.js
FN:3,(anonymous_0)
FNF:1
FNH:1
FNDA:5,(anonymous_0)
DA:3,1
DA:4,5
LF:2
LH:2
BRDA:13,0,0,5
BRDA:13,0,1,0
BRDA:26,1,0,5
BRDA:26,1,1,0
BRDA:38,2,0,5
BRDA:38,2,1,0
BRDA:52,3,0,5
BRDA:52,3,1,0
BRDA:64,4,0,5
BRDA:64,4,1,0
BRDA:78,5,0,5
BRDA:78,5,1,0
BRDA:91,6,0,5
BRDA:91,6,1,0
BRDA:104,7,0,5
BRDA:104,7,1,0
BRDA:117,8,0,1
BRDA:117,8,1,4
BRF:18
BRH:10
end_of_record
TN:
SF:src/BookList.js
FN:7,(anonymous_0)
FN:10,(anonymous_1)
FN:12,(anonymous_2)
FN:17,(anonymous_3)
FN:45,(anonymous_4)
FN:52,(anonymous_5)
FN:56,(anonymous_6)
FN:59,(anonymous_7)
FN:63,(anonymous_8)
FN:71,(anonymous_9)
FN:93,(anonymous_10)
FN:110,(anonymous_11)
FN:122,(anonymous_12)
FN:123,(anonymous_13)
FN:124,(anonymous_14)
FNF:15
FNH:15
FNDA:11,(anonymous_0)
FNDA:2,(anonymous_1)
FNDA:1,(anonymous_2)
FNDA:1,(anonymous_3)
FNDA:19,(anonymous_4)
FNDA:7,(anonymous_5)
FNDA:7,(anonymous_6)
FNDA:6,(anonymous_7)
FNDA:1,(anonymous_8)
FNDA:4,(anonymous_9)
FNDA:19,(anonymous_10)
FNDA:4,(anonymous_11)
FNDA:1,(anonymous_12)
FNDA:1,(anonymous_13)
FNDA:2,(anonymous_14)
DA:7,1
DA:8,11
DA:10,4
DA:11,2
DA:13,1
DA:14,1
DA:15,1
DA:18,1
DA:19,1
DA:23,4
DA:45,1
DA:46,19
DA:47,19
DA:48,19
DA:49,19
DA:50,19
DA:52,19
DA:53,7
DA:56,19
DA:57,7
DA:58,7
DA:60,6
DA:61,6
DA:64,1
DA:65,1
DA:66,1
DA:67,1
DA:71,19
DA:72,4
DA:73,4
DA:76,19
DA:77,7
DA:80,12
DA:81,1
DA:84,11
DA:94,19
DA:110,4
DA:122,1
DA:124,2
LF:39
LH:39
BRDA:8,0,0,7
BRDA:8,0,1,4
BRDA:8,1,0,11
BRDA:8,1,1,4
BRDA:19,2,0,1
BRDA:19,2,1,0
BRDA:76,3,0,7
BRDA:76,3,1,12
BRDA:80,4,0,1
BRDA:80,4,1,11
BRDA:90,5,0,1
BRDA:90,5,1,10
BRDA:99,6,0,19
BRDA:99,6,1,0
BRDA:100,7,0,0
BRDA:100,7,1,19
BRDA:104,8,0,19
BRDA:104,8,1,0
BRDA:105,9,0,19
BRDA:105,9,1,0
BRDA:105,10,0,19
BRDA:105,10,1,0
BRF:22
BRH:16
end_of_record
TN:
SF:src/BookService.js
FN:10,(anonymous_0)
FN:11,(anonymous_1)
FN:12,(anonymous_2)
FN:13,(anonymous_3)
FN:14,(anonymous_4)
FN:15,(anonymous_5)
FNF:6
FNH:6
FNDA:2,(anonymous_0)
FNDA:1,(anonymous_1)
FNDA:1,(anonymous_2)
FNDA:1,(anonymous_3)
FNDA:1,(anonymous_4)
FNDA:1,(anonymous_5)
DA:7,1
DA:10,2
DA:11,1
DA:12,1
DA:13,1
DA:14,1
DA:15,1
DA:18,1
LF:8
LH:8
BRF:0
BRH:0
end_of_record
TN:
SF:src/DeleteBookModal.js
FN:5,(anonymous_0)
FN:8,(anonymous_1)
FN:10,(anonymous_2)
FN:15,(anonymous_3)
FN:23,(anonymous_4)
FNF:5
FNH:5
FNDA:9,(anonymous_0)
FNDA:2,(anonymous_1)
FNDA:1,(anonymous_2)
FNDA:1,(anonymous_3)
FNDA:3,(anonymous_4)
DA:5,1
DA:6,9
DA:8,7
DA:9,2
DA:11,1
DA:12,1
DA:13,1
DA:16,1
DA:17,1
DA:21,7
DA:23,3
LF:11
LH:11
BRDA:6,0,0,2
BRDA:6,0,1,7
BRDA:6,1,0,9
BRDA:6,1,1,8
BRDA:17,2,0,1
BRDA:17,2,1,0
BRF:6
BRH:5
end_of_record
TN:
SF:src/EditBook.js
FN:9,(anonymous_0)
FN:27,(anonymous_1)
FN:31,(anonymous_2)
FN:58,(anonymous_3)
FN:66,(anonymous_4)
FN:71,(anonymous_5)
FN:73,(anonymous_6)
FN:76,(anonymous_7)
FN:110,(anonymous_8)
FN:127,(anonymous_9)
FN:131,(anonymous_10)
FN:135,(anonymous_11)
FN:162,(anonymous_12)
FNF:13
FNH:13
FNDA:24,(anonymous_0)
FNDA:9,(anonymous_1)
FNDA:8,(anonymous_2)
FNDA:1,(anonymous_3)
FNDA:9,(anonymous_4)
FNDA:3,(anonymous_5)
FNDA:3,(anonymous_6)
FNDA:3,(anonymous_7)
FNDA:3,(anonymous_8)
FNDA:1,(anonymous_9)
FNDA:1,(anonymous_10)
FNDA:2,(anonymous_11)
FNDA:1,(anonymous_12)
DA:9,1
DA:10,24
DA:11,24
DA:12,24
DA:13,23
DA:14,23
DA:15,23
DA:27,23
DA:28,9
DA:29,9
DA:30,9
DA:32,8
DA:34,8
DA:35,8
DA:36,8
DA:38,8
DA:39,8
DA:41,0
DA:44,0
DA:45,0
DA:48,0
DA:51,8
DA:56,8
DA:59,1
DA:60,1
DA:61,1
DA:62,1
DA:66,23
DA:67,9
DA:71,23
DA:72,3
DA:73,3
DA:76,23
DA:77,3
DA:78,1
DA:79,1
DA:81,2
DA:82,0
DA:83,0
DA:86,2
DA:87,0
DA:88,0
DA:91,2
DA:92,2
DA:94,2
DA:95,0
DA:96,0
DA:98,2
DA:99,0
DA:100,0
DA:102,2
DA:103,0
DA:104,0
DA:107,2
DA:110,23
DA:111,3
DA:113,3
DA:114,1
DA:117,2
DA:120,2
DA:126,2
DA:128,1
DA:129,1
DA:132,1
DA:133,1
DA:136,2
DA:140,23
DA:141,9
DA:144,14
DA:146,1
DA:149,13
DA:162,1
LF:72
LH:58
BRDA:34,0,0,8
BRDA:34,0,1,0
BRDA:38,1,0,8
BRDA:38,1,1,0
BRDA:53,2,0,8
BRDA:53,2,1,0
BRDA:54,3,0,8
BRDA:54,3,1,0
BRDA:77,4,0,1
BRDA:77,4,1,2
BRDA:81,5,0,0
BRDA:81,5,1,2
BRDA:86,6,0,0
BRDA:86,6,1,2
BRDA:86,7,0,2
BRDA:86,7,1,2
BRDA:86,7,2,2
BRDA:94,8,0,0
BRDA:94,8,1,2
BRDA:94,9,0,2
BRDA:94,9,1,2
BRDA:94,9,2,2
BRDA:98,10,0,0
BRDA:98,10,1,2
BRDA:102,11,0,0
BRDA:102,11,1,2
BRDA:113,12,0,1
BRDA:113,12,1,2
BRDA:133,13,0,1
BRDA:133,13,1,0
BRDA:140,14,0,9
BRDA:140,14,1,14
BRDA:144,15,0,1
BRDA:144,15,1,13
BRF:34
BRH:24
end_of_record
TN:
SF:src/Error.js
FN:4,(anonymous_0)
FNF:1
FNH:1
FNDA:3,(anonymous_0)
DA:4,1
DA:5,3
LF:2
LH:2
BRDA:4,0,0,2
BRDA:4,1,0,2
BRF:2
BRH:2
end_of_record
TN:
SF:src/Footer.js
FN:3,(anonymous_0)
FNF:1
FNH:1
FNDA:3,(anonymous_0)
DA:3,1
DA:4,3
LF:2
LH:2
BRF:0
BRH:0
end_of_record
TN:
SF:src/Header.js
FN:5,(anonymous_0)
FN:8,(anonymous_1)
FN:30,(anonymous_2)
FN:31,(anonymous_3)
FN:37,(anonymous_4)
FN:38,(anonymous_5)
FN:44,(anonymous_6)
FN:45,(anonymous_7)
FN:51,(anonymous_8)
FN:52,(anonymous_9)
FNF:10
FNH:5
FNDA:5,(anonymous_0)
FNDA:0,(anonymous_1)
FNDA:5,(anonymous_2)
FNDA:0,(anonymous_3)
FNDA:5,(anonymous_4)
FNDA:0,(anonymous_5)
FNDA:5,(anonymous_6)
FNDA:0,(anonymous_7)
FNDA:5,(anonymous_8)
FNDA:0,(anonymous_9)
DA:5,1
DA:6,5
DA:8,5
DA:9,0
DA:12,5
DA:30,5
DA:31,0
DA:37,5
DA:38,0
DA:44,5
DA:45,0
DA:51,5
DA:52,0
LF:13
LH:8
BRDA:22,0,0,0
BRDA:22,0,1,5
BRDA:23,1,0,0
BRDA:23,1,1,5
BRDA:24,2,0,0
BRDA:24,2,1,5
BRDA:27,3,0,0
BRDA:27,3,1,5
BRDA:30,4,0,5
BRDA:30,4,1,0
BRDA:37,5,0,0
BRDA:37,5,1,5
BRDA:44,6,0,0
BRDA:44,6,1,5
BRDA:51,7,0,0
BRDA:51,7,1,5
BRF:16
BRH:8
end_of_record
TN:
SF:src/Loading.js
FN:3,(anonymous_0)
FNF:1
FNH:1
FNDA:2,(anonymous_0)
DA:3,1
DA:4,2
LF:2
LH:2
BRDA:3,0,0,1
BRF:1
BRH:1
end_of_record
TN:
SF:src/MockDataService.js
FN:4,(anonymous_0)
FN:88,(anonymous_1)
FN:95,(anonymous_2)
FN:97,(anonymous_3)
FN:98,(anonymous_4)
FN:106,(anonymous_5)
FN:107,(anonymous_6)
FN:108,(anonymous_7)
FN:110,(anonymous_8)
FN:122,(anonymous_9)
FN:123,(anonymous_10)
FN:124,(anonymous_11)
FN:141,(anonymous_12)
FN:142,(anonymous_13)
FN:143,(anonymous_14)
FN:145,(anonymous_15)
FN:167,(anonymous_16)
FN:168,(anonymous_17)
FN:169,(anonymous_18)
FN:171,(anonymous_19)
FN:186,(anonymous_20)
FN:187,(anonymous_21)
FN:188,(anonymous_22)
FN:192,(anonymous_23)
FNF:24
FNH:24
FNDA:1,(anonymous_0)
FNDA:13,(anonymous_1)
FNDA:13,(anonymous_2)
FNDA:13,(anonymous_3)
FNDA:13,(anonymous_4)
FNDA:2,(anonymous_5)
FNDA:2,(anonymous_6)
FNDA:2,(anonymous_7)
FNDA:7,(anonymous_8)
FNDA:1,(anonymous_9)
FNDA:1,(anonymous_10)
FNDA:1,(anonymous_11)
FNDA:2,(anonymous_12)
FNDA:2,(anonymous_13)
FNDA:2,(anonymous_14)
FNDA:8,(anonymous_15)
FNDA:2,(anonymous_16)
FNDA:2,(anonymous_17)
FNDA:2,(anonymous_18)
FNDA:7,(anonymous_19)
FNDA:5,(anonymous_20)
FNDA:5,(anonymous_21)
FNDA:5,(anonymous_22)
FNDA:30,(anonymous_23)
DA:4,1
DA:5,1
DA:9,1
DA:12,1
DA:88,1
DA:89,13
DA:90,1
DA:95,1
DA:96,13
DA:97,13
DA:98,13
DA:99,13
DA:100,13
DA:106,1
DA:107,2
DA:108,2
DA:109,2
DA:110,7
DA:112,2
DA:113,1
DA:115,1
DA:122,1
DA:123,1
DA:124,1
DA:125,1
DA:126,1
DA:132,1
DA:133,1
DA:135,1
DA:141,1
DA:142,2
DA:143,2
DA:144,2
DA:145,8
DA:147,2
DA:148,1
DA:155,1
DA:156,1
DA:158,1
DA:160,1
DA:167,1
DA:168,2
DA:169,2
DA:170,2
DA:171,7
DA:173,2
DA:174,1
DA:175,1
DA:177,1
DA:179,1
DA:186,1
DA:187,5
DA:188,5
DA:189,5
DA:190,5
DA:192,5
DA:193,30
DA:199,5
DA:205,1
LF:59
LH:59
BRDA:89,0,0,1
BRDA:89,0,1,12
BRDA:99,1,0,13
BRDA:99,1,1,0
BRDA:109,2,0,2
BRDA:109,2,1,0
BRDA:112,3,0,1
BRDA:112,3,1,1
BRDA:125,4,0,1
BRDA:125,4,1,0
BRDA:144,5,0,2
BRDA:144,5,1,0
BRDA:147,6,0,1
BRDA:147,6,1,1
BRDA:170,7,0,2
BRDA:170,7,1,0
BRDA:173,8,0,1
BRDA:173,8,1,1
BRDA:189,9,0,5
BRDA:189,9,1,0
BRDA:193,10,0,30
BRDA:193,10,1,28
BRDA:193,10,2,28
BRDA:193,10,3,25
BRDA:193,10,4,28
BRDA:193,10,5,28
BRF:26
BRH:20
end_of_record
TN:
SF:src/NotFound.js
FN:4,(anonymous_0)
FNF:1
FNH:1
FNDA:2,(anonymous_0)
DA:4,1
DA:5,2
LF:2
LH:2
BRF:0
BRH:0
end_of_record
TN:
SF:src/SearchBooks.js
FN:7,(anonymous_0)
FN:10,(anonymous_1)
FN:12,(anonymous_2)
FN:17,(anonymous_3)
FN:45,(anonymous_4)
FN:53,(anonymous_5)
FN:65,(anonymous_6)
FN:69,(anonymous_7)
FN:77,(anonymous_8)
FN:93,(anonymous_9)
FN:110,(anonymous_10)
FN:122,(anonymous_11)
FN:136,(anonymous_12)
FN:137,(anonymous_13)
FN:138,(anonymous_14)
FNF:15
FNH:15
FNDA:30,(anonymous_0)
FNDA:2,(anonymous_1)
FNDA:1,(anonymous_2)
FNDA:1,(anonymous_3)
FNDA:30,(anonymous_4)
FNDA:7,(anonymous_5)
FNDA:5,(anonymous_6)
FNDA:1,(anonymous_7)
FNDA:3,(anonymous_8)
FNDA:6,(anonymous_9)
FNDA:15,(anonymous_10)
FNDA:3,(anonymous_11)
FNDA:1,(anonymous_12)
FNDA:1,(anonymous_13)
FNDA:2,(anonymous_14)
DA:7,1
DA:8,30
DA:10,3
DA:11,2
DA:13,1
DA:14,1
DA:15,1
DA:18,1
DA:19,1
DA:23,3
DA:45,1
DA:46,30
DA:47,30
DA:48,30
DA:49,30
DA:50,30
DA:51,30
DA:53,30
DA:54,7
DA:56,7
DA:57,1
DA:58,1
DA:61,6
DA:62,6
DA:64,6
DA:66,5
DA:67,5
DA:70,1
DA:71,1
DA:72,1
DA:73,1
DA:77,30
DA:78,3
DA:79,3
DA:82,30
DA:93,6
DA:111,15
DA:122,3
DA:136,1
DA:138,2
LF:40
LH:40
BRDA:8,0,0,27
BRDA:8,0,1,3
BRDA:8,1,0,30
BRDA:8,1,1,3
BRDA:19,2,0,1
BRDA:19,2,1,0
BRDA:56,3,0,1
BRDA:56,3,1,6
BRDA:97,4,0,6
BRDA:97,4,1,24
BRDA:101,5,0,30
BRDA:101,5,1,6
BRDA:103,6,0,30
BRDA:103,6,1,16
BRDA:103,6,2,10
BRDA:106,7,0,2
BRDA:106,7,1,8
BRDA:116,8,0,15
BRDA:116,8,1,0
BRDA:117,9,0,15
BRDA:117,9,1,0
BRF:21
BRH:18
end_of_record
TN:
SF:src/StatusIndicator.js
FN:3,(anonymous_0)
FN:7,(anonymous_1)
FN:19,(anonymous_2)
FN:23,(anonymous_3)
FN:26,(anonymous_4)
FN:35,(anonymous_5)
FNF:6
FNH:5
FNDA:10,(anonymous_0)
FNDA:5,(anonymous_1)
FNDA:1,(anonymous_2)
FNDA:1,(anonymous_3)
FNDA:0,(anonymous_4)
FNDA:5,(anonymous_5)
DA:3,1
DA:4,10
DA:5,10
DA:7,10
DA:10,5
DA:11,5
DA:13,0
DA:19,5
DA:20,1
DA:21,1
DA:23,1
DA:26,5
DA:27,0
DA:28,0
DA:31,5
DA:32,5
DA:35,5
DA:36,5
DA:37,5
DA:41,10
DA:43,2
LF:21
LH:18
BRDA:41,0,0,8
BRDA:41,0,1,2
BRDA:45,1,0,2
BRDA:45,1,1,0
BRDA:46,2,0,2
BRDA:46,2,1,0
BRF:6
BRH:4
end_of_record
TN:
SF:src/mocks/fileMock.js
FNF:0
FNH:0
DA:1,0
LF:1
LH:0
BRF:0
BRH:0
end_of_record
TN:
SF:src/mocks/styleMock.js
FNF:0
FNH:0
DA:1,1
LF:1
LH:1
BRF:0
BRH:0
end_of_record
