{"/home/elise/projects/Виктория А/DevOps3/app/backend/db.js": {"path":"/home/elise/projects/Виктория А/DevOps3/app/backend/db.js","statementMap":{"0":{"start":{"line":1,"column":17},"end":{"line":1,"column":30}},"1":{"start":{"line":2,"column":15},"end":{"line":2,"column":32}},"2":{"start":{"line":4,"column":0},"end":{"line":4,"column":16}},"3":{"start":{"line":6,"column":13},"end":{"line":13,"column":2}},"4":{"start":{"line":15,"column":0},"end":{"line":15,"column":22}}},"fnMap":{},"branchMap":{"0":{"loc":{"start":{"line":7,"column":10},"end":{"line":7,"column":43}},"type":"binary-expr","locations":[{"start":{"line":7,"column":10},"end":{"line":7,"column":29}},{"start":{"line":7,"column":33},"end":{"line":7,"column":43}}],"line":7},"1":{"loc":{"start":{"line":8,"column":17},"end":{"line":8,"column":44}},"type":"binary-expr","locations":[{"start":{"line":8,"column":17},"end":{"line":8,"column":36}},{"start":{"line":8,"column":40},"end":{"line":8,"column":44}}],"line":8},"2":{"loc":{"start":{"line":9,"column":14},"end":{"line":9,"column":46}},"type":"binary-expr","locations":[{"start":{"line":9,"column":14},"end":{"line":9,"column":33}},{"start":{"line":9,"column":37},"end":{"line":9,"column":46}}],"line":9},"3":{"loc":{"start":{"line":10,"column":10},"end":{"line":10,"column":46}},"type":"binary-expr","locations":[{"start":{"line":10,"column":10},"end":{"line":10,"column":29}},{"start":{"line":10,"column":33},"end":{"line":10,"column":46}}],"line":10}},"s":{"0":1,"1":1,"2":1,"3":1,"4":1},"f":{},"b":{"0":[1,0],"1":[1,0],"2":[1,0],"3":[1,0]},"_coverageSchema":"1a1c01bbd47fc00a2c39e90264f33305004495a9","hash":"f126bfbe8d9f3314b2cf218739e4765285e52ee9"}
,"/home/elise/projects/Виктория А/DevOps3/app/backend/routes/books.js": {"path":"/home/elise/projects/Виктория А/DevOps3/app/backend/routes/books.js","statementMap":{"0":{"start":{"line":1,"column":16},"end":{"line":1,"column":34}},"1":{"start":{"line":2,"column":13},"end":{"line":2,"column":29}},"2":{"start":{"line":3,"column":15},"end":{"line":3,"column":31}},"3":{"start":{"line":6,"column":0},"end":{"line":14,"column":3}},"4":{"start":{"line":7,"column":2},"end":{"line":13,"column":3}},"5":{"start":{"line":8,"column":21},"end":{"line":8,"column":77}},"6":{"start":{"line":9,"column":4},"end":{"line":9,"column":19}},"7":{"start":{"line":11,"column":4},"end":{"line":11,"column":31}},"8":{"start":{"line":12,"column":4},"end":{"line":12,"column":54}},"9":{"start":{"line":17,"column":0},"end":{"line":29,"column":3}},"10":{"start":{"line":18,"column":17},"end":{"line":18,"column":27}},"11":{"start":{"line":19,"column":2},"end":{"line":28,"column":3}},"12":{"start":{"line":20,"column":21},"end":{"line":20,"column":80}},"13":{"start":{"line":21,"column":4},"end":{"line":23,"column":5}},"14":{"start":{"line":22,"column":6},"end":{"line":22,"column":65}},"15":{"start":{"line":24,"column":4},"end":{"line":24,"column":22}},"16":{"start":{"line":26,"column":4},"end":{"line":26,"column":31}},"17":{"start":{"line":27,"column":4},"end":{"line":27,"column":54}},"18":{"start":{"line":32,"column":0},"end":{"line":44,"column":3}},"19":{"start":{"line":33,"column":101},"end":{"line":33,"column":109}},"20":{"start":{"line":34,"column":2},"end":{"line":43,"column":3}},"21":{"start":{"line":35,"column":21},"end":{"line":38,"column":5}},"22":{"start":{"line":39,"column":4},"end":{"line":39,"column":34}},"23":{"start":{"line":41,"column":4},"end":{"line":41,"column":31}},"24":{"start":{"line":42,"column":4},"end":{"line":42,"column":54}},"25":{"start":{"line":47,"column":0},"end":{"line":63,"column":3}},"26":{"start":{"line":48,"column":17},"end":{"line":48,"column":27}},"27":{"start":{"line":49,"column":101},"end":{"line":49,"column":109}},"28":{"start":{"line":50,"column":2},"end":{"line":62,"column":3}},"29":{"start":{"line":51,"column":21},"end":{"line":54,"column":5}},"30":{"start":{"line":55,"column":4},"end":{"line":57,"column":5}},"31":{"start":{"line":56,"column":6},"end":{"line":56,"column":65}},"32":{"start":{"line":58,"column":4},"end":{"line":58,"column":22}},"33":{"start":{"line":60,"column":4},"end":{"line":60,"column":31}},"34":{"start":{"line":61,"column":4},"end":{"line":61,"column":54}},"35":{"start":{"line":66,"column":0},"end":{"line":78,"column":3}},"36":{"start":{"line":67,"column":17},"end":{"line":67,"column":27}},"37":{"start":{"line":68,"column":2},"end":{"line":77,"column":3}},"38":{"start":{"line":69,"column":21},"end":{"line":69,"column":90}},"39":{"start":{"line":70,"column":4},"end":{"line":72,"column":5}},"40":{"start":{"line":71,"column":6},"end":{"line":71,"column":65}},"41":{"start":{"line":73,"column":4},"end":{"line":73,"column":55}},"42":{"start":{"line":75,"column":4},"end":{"line":75,"column":31}},"43":{"start":{"line":76,"column":4},"end":{"line":76,"column":54}},"44":{"start":{"line":81,"column":0},"end":{"line":93,"column":3}},"45":{"start":{"line":82,"column":20},"end":{"line":82,"column":29}},"46":{"start":{"line":83,"column":2},"end":{"line":92,"column":3}},"47":{"start":{"line":84,"column":21},"end":{"line":87,"column":5}},"48":{"start":{"line":88,"column":4},"end":{"line":88,"column":19}},"49":{"start":{"line":90,"column":4},"end":{"line":90,"column":31}},"50":{"start":{"line":91,"column":4},"end":{"line":91,"column":54}},"51":{"start":{"line":95,"column":0},"end":{"line":95,"column":24}}},"fnMap":{"0":{"name":"(anonymous_0)","decl":{"start":{"line":6,"column":16},"end":{"line":6,"column":17}},"loc":{"start":{"line":6,"column":36},"end":{"line":14,"column":1}},"line":6},"1":{"name":"(anonymous_1)","decl":{"start":{"line":17,"column":19},"end":{"line":17,"column":20}},"loc":{"start":{"line":17,"column":39},"end":{"line":29,"column":1}},"line":17},"2":{"name":"(anonymous_2)","decl":{"start":{"line":32,"column":17},"end":{"line":32,"column":18}},"loc":{"start":{"line":32,"column":37},"end":{"line":44,"column":1}},"line":32},"3":{"name":"(anonymous_3)","decl":{"start":{"line":47,"column":19},"end":{"line":47,"column":20}},"loc":{"start":{"line":47,"column":39},"end":{"line":63,"column":1}},"line":47},"4":{"name":"(anonymous_4)","decl":{"start":{"line":66,"column":22},"end":{"line":66,"column":23}},"loc":{"start":{"line":66,"column":42},"end":{"line":78,"column":1}},"line":66},"5":{"name":"(anonymous_5)","decl":{"start":{"line":81,"column":22},"end":{"line":81,"column":23}},"loc":{"start":{"line":81,"column":42},"end":{"line":93,"column":1}},"line":81}},"branchMap":{"0":{"loc":{"start":{"line":21,"column":4},"end":{"line":23,"column":5}},"type":"if","locations":[{"start":{"line":21,"column":4},"end":{"line":23,"column":5}},{"start":{},"end":{}}],"line":21},"1":{"loc":{"start":{"line":55,"column":4},"end":{"line":57,"column":5}},"type":"if","locations":[{"start":{"line":55,"column":4},"end":{"line":57,"column":5}},{"start":{},"end":{}}],"line":55},"2":{"loc":{"start":{"line":70,"column":4},"end":{"line":72,"column":5}},"type":"if","locations":[{"start":{"line":70,"column":4},"end":{"line":72,"column":5}},{"start":{},"end":{}}],"line":70}},"s":{"0":1,"1":1,"2":1,"3":1,"4":2,"5":2,"6":1,"7":1,"8":1,"9":1,"10":3,"11":3,"12":3,"13":2,"14":1,"15":1,"16":1,"17":1,"18":1,"19":2,"20":2,"21":2,"22":1,"23":1,"24":1,"25":1,"26":3,"27":3,"28":3,"29":3,"30":2,"31":1,"32":1,"33":1,"34":1,"35":1,"36":3,"37":3,"38":3,"39":2,"40":1,"41":1,"42":1,"43":1,"44":1,"45":0,"46":0,"47":0,"48":0,"49":0,"50":0,"51":1},"f":{"0":2,"1":3,"2":2,"3":3,"4":3,"5":0},"b":{"0":[1,1],"1":[1,1],"2":[1,1]},"_coverageSchema":"1a1c01bbd47fc00a2c39e90264f33305004495a9","hash":"c122649435f43fe21fe94960038ff13e411a02a9"}
}
