TN:
SF:db.js
FNF:0
FNH:0
DA:1,1
DA:2,1
DA:4,1
DA:6,1
DA:15,1
LF:5
LH:5
BRDA:7,0,0,1
BRDA:7,0,1,0
BRDA:8,1,0,1
BRDA:8,1,1,0
BRDA:9,2,0,1
BRDA:9,2,1,0
BRDA:10,3,0,1
BRDA:10,3,1,0
BRF:8
BRH:4
end_of_record
TN:
SF:routes/books.js
FN:6,(anonymous_0)
FN:17,(anonymous_1)
FN:32,(anonymous_2)
FN:47,(anonymous_3)
FN:66,(anonymous_4)
FN:81,(anonymous_5)
FNF:6
FNH:5
FNDA:2,(anonymous_0)
FNDA:3,(anonymous_1)
FNDA:2,(anonymous_2)
FNDA:3,(anonymous_3)
FNDA:3,(anonymous_4)
FNDA:0,(anonymous_5)
DA:1,1
DA:2,1
DA:3,1
DA:6,1
DA:7,2
DA:8,2
DA:9,1
DA:11,1
DA:12,1
DA:17,1
DA:18,3
DA:19,3
DA:20,3
DA:21,2
DA:22,1
DA:24,1
DA:26,1
DA:27,1
DA:32,1
DA:33,2
DA:34,2
DA:35,2
DA:39,1
DA:41,1
DA:42,1
DA:47,1
DA:48,3
DA:49,3
DA:50,3
DA:51,3
DA:55,2
DA:56,1
DA:58,1
DA:60,1
DA:61,1
DA:66,1
DA:67,3
DA:68,3
DA:69,3
DA:70,2
DA:71,1
DA:73,1
DA:75,1
DA:76,1
DA:81,1
DA:82,0
DA:83,0
DA:84,0
DA:88,0
DA:90,0
DA:91,0
DA:95,1
LF:52
LH:46
BRDA:21,0,0,1
BRDA:21,0,1,1
BRDA:55,1,0,1
BRDA:55,1,1,1
BRDA:70,2,0,1
BRDA:70,2,1,1
BRF:6
BRH:6
end_of_record
