TN:
SF:db.js
FNF:0
FNH:0
DA:1,2
DA:2,2
DA:4,2
DA:6,2
DA:15,2
LF:5
LH:5
BRDA:7,0,0,2
BRDA:7,0,1,1
BRDA:8,1,0,2
BRDA:8,1,1,1
BRDA:9,2,0,2
BRDA:9,2,1,1
BRDA:10,3,0,2
BRDA:10,3,1,1
BRF:8
BRH:8
end_of_record
TN:
SF:index.js
FN:22,(anonymous_0)
FN:24,(anonymous_1)
FN:28,(anonymous_2)
FN:29,(anonymous_3)
FN:35,(anonymous_4)
FN:43,(anonymous_5)
FNF:6
FNH:5
FNDA:3,(anonymous_0)
FNDA:3,(anonymous_1)
FNDA:1,(anonymous_2)
FNDA:1,(anonymous_3)
FNDA:1,(anonymous_4)
FNDA:0,(anonymous_5)
DA:1,1
DA:2,1
DA:3,1
DA:4,1
DA:6,1
DA:7,1
DA:8,1
DA:11,1
DA:12,1
DA:14,1
DA:20,1
DA:22,1
DA:23,3
DA:24,3
DA:25,3
DA:28,1
DA:29,1
DA:30,1
DA:31,1
DA:34,1
DA:35,1
DA:38,1
DA:41,1
DA:42,0
DA:43,0
LF:25
LH:23
BRDA:24,0,0,3
BRDA:24,0,1,1
BRDA:41,1,0,0
BRDA:41,1,1,1
BRDA:42,2,0,0
BRDA:42,2,1,0
BRF:6
BRH:3
end_of_record
TN:
SF:routes/books.js
FN:7,(anonymous_0)
FN:22,(anonymous_1)
FN:33,(anonymous_2)
FN:45,(anonymous_3)
FN:60,(anonymous_4)
FN:76,(anonymous_5)
FNF:6
FNH:6
FNDA:2,(anonymous_0)
FNDA:2,(anonymous_1)
FNDA:3,(anonymous_2)
FNDA:2,(anonymous_3)
FNDA:3,(anonymous_4)
FNDA:3,(anonymous_5)
DA:1,2
DA:2,2
DA:4,2
DA:7,2
DA:8,2
DA:9,2
DA:10,2
DA:14,1
DA:16,1
DA:17,1
DA:22,2
DA:23,2
DA:24,2
DA:25,1
DA:27,1
DA:28,1
DA:33,2
DA:34,3
DA:35,3
DA:36,2
DA:37,1
DA:39,1
DA:40,1
DA:45,2
DA:46,2
DA:47,2
DA:48,2
DA:52,1
DA:54,1
DA:55,1
DA:60,2
DA:61,3
DA:62,3
DA:63,3
DA:67,2
DA:68,1
DA:70,1
DA:71,1
DA:76,2
DA:77,3
DA:78,3
DA:79,2
DA:80,1
DA:82,1
DA:83,1
DA:87,2
LF:46
LH:46
BRDA:36,0,0,1
BRDA:36,0,1,1
BRDA:67,1,0,1
BRDA:67,1,1,1
BRDA:79,2,0,1
BRDA:79,2,1,1
BRF:6
BRH:6
end_of_record
